 
New instance of bashtop version: 0.9.24 Pid: 10228
 
New instance of bashtop version: 0.9.24 Pid: 12169
 
New instance of bashtop version: 0.9.24 Pid: 17304
 
New instance of bashtop version: 0.9.24 Pid: 17559
21:23:04 ERROR: On line 1887 
21:23:04 ERROR: On line 1887 (MUTED!)
 
New instance of bashtop version: 0.9.24 Pid: 19459
 
New instance of bashtop version: 0.9.24 Pid: 25056
 
New instance of bashtop version: 0.9.24 Pid: 30323
 
New instance of bashtop version: 0.9.24 Pid: 8354
 
New instance of bashtop version: 0.9.24 Pid: 11381
 
New instance of bashtop version: 0.9.24 Pid: 11935
 
New instance of bashtop version: 0.9.24 Pid: 12497
 
New instance of bashtop version: 0.9.24 Pid: 14041
 
New instance of bashtop version: 0.9.24 Pid: 14631
/home/errxr/.config/bashtop/user_themes/eno.theme: line 89: unexpected EOF while looking for matching `"'
/home/errxr/.config/bashtop/user_themes/eno.theme: line 90: syntax error: unexpected end of file
16:02:48 ERROR: On line 498 
16:02:48 ERROR: On line 1887 
16:02:48 ERROR: On line 1887 (MUTED!)
 
New instance of bashtop version: 0.9.24 Pid: 15018
 
New instance of bashtop version: 0.9.24 Pid: 18029
 
New instance of bashtop version: 0.9.24 Pid: 18838
 
New instance of bashtop version: 0.9.24 Pid: 20251
 
New instance of bashtop version: 0.9.24 Pid: 20845
 
New instance of bashtop version: 0.9.24 Pid: 21377
 
New instance of bashtop version: 0.9.24 Pid: 22544
 
New instance of bashtop version: 0.9.24 Pid: 23031
 
New instance of bashtop version: 0.9.24 Pid: 24047
 
New instance of bashtop version: 0.9.24 Pid: 25013
 
New instance of bashtop version: 0.9.24 Pid: 26240
 
New instance of bashtop version: 0.9.24 Pid: 28189
 
New instance of bashtop version: 0.9.24 Pid: 29546
 
New instance of bashtop version: 0.9.24 Pid: 31310
 
New instance of bashtop version: 0.9.24 Pid: 701
 
New instance of bashtop version: 0.9.24 Pid: 2803
 
New instance of bashtop version: 0.9.24 Pid: 4288
 
New instance of bashtop version: 0.9.24 Pid: 4901
 
New instance of bashtop version: 0.9.24 Pid: 5976
 
New instance of bashtop version: 0.9.24 Pid: 14504
 
New instance of bashtop version: 0.9.24 Pid: 26059
 
New instance of bashtop version: 0.9.24 Pid: 8603
 
New instance of bashtop version: 0.9.24 Pid: 18408
 
New instance of bashtop version: 0.9.24 Pid: 15721
